TN:
SF:cvx/finance/Finance.py
DA:14,1,KEzWbRMV9pRcZUhlA9U7Sg
DA:15,1,h84an5VMFqVz4ui2dVj3Cg
DA:18,1,H3B78yY/vZfegKVuK89a9Q
DA:19,1,ccnMTYCWwpvuDCgxPh+pww
DA:20,1,E3xUiT6ZFB1WrHJPsg8iRw
DA:23,1,Zi3dzL0c+J01npMdxRXsiQ
DA:24,1,CKHl6iQqlrEQ9mRrrKEDeg
DA:27,1,yeqqrmC3n7TYKhLiP6JYIg
DA:35,1,9fhxg5Vz/HV69YcakLsjvg
DA:37,1,IBpsoii0S7yoraJZE3tVrg
DA:39,1,VJsDVgM40kqJpAyrP5Av9g
DA:40,1,2xFZ2mPBoWwt/FI3c/a/nA
DA:41,1,VaiDGpKH2VSS2BhK9sWngw
DA:42,1,eUL/N23Ci1+EKRtoHoeeoQ
DA:45,1,qOczU9n09w8H6k7kDI/XSg
DA:54,1,9fhxg5Vz/HV69YcakLsjvg
DA:55,1,3p8ElQwlUbDgTDmP5PEmGw
DA:58,1,VJsDVgM40kqJpAyrP5Av9g
DA:59,1,xk2wDJqfY1e/7s2PWxQUcA
DA:60,1,eUL/N23Ci1+EKRtoHoeeoQ
DA:63,1,HYeTJX0L01Ss9QM1AuArJw
DA:71,1,3Z5D9zsrtvr8dYaXPQSEfQ
DA:72,1,NtNhNP+BkmLj53wcX8bIFA
DA:73,1,XWx1vbVuzeUtIDUn13y5AQ
DA:74,1,xk2wDJqfY1e/7s2PWxQUcA
DA:75,1,eUL/N23Ci1+EKRtoHoeeoQ
DA:78,1,1T1FSifJHuiXO28lSzlwOw
DA:87,1,3Z5D9zsrtvr8dYaXPQSEfQ
DA:88,1,w7mo4UqEB37RBTtZNFOeMA
DA:95,1,KG9tv8+rEBUeYMsQmy/YmA
DA:96,1,xk2wDJqfY1e/7s2PWxQUcA
DA:97,1,eUL/N23Ci1+EKRtoHoeeoQ
DA:100,1,R1OE3VxR5EAuZNvuG6Puig
DA:108,1,3Z5D9zsrtvr8dYaXPQSEfQ
DA:109,1,NtNhNP+BkmLj53wcX8bIFA
DA:110,1,rj/BN1M5Z9RguhS83QKrdQ
DA:111,1,VaiDGpKH2VSS2BhK9sWngw
DA:112,1,eUL/N23Ci1+EKRtoHoeeoQ
LF:38
LH:38
end_of_record
TN:
SF:cvx/finance/__init__.py
DA:0,1,KDtLGJokocuu/8NFi3jVhQ
LF:0
LH:0
end_of_record
TN:
SF:cvx/finance/cvxRegression.py
DA:14,0,7VJd4pmtPZK+mjqaLhWxJw
DA:16,0,h84an5VMFqVz4ui2dVj3Cg
DA:17,0,KEzWbRMV9pRcZUhlA9U7Sg
DA:18,0,IWWjrCeOtk8NNtrE95++2g
DA:21,0,BXA0tgiEKIQIw4wPHx2QKA
DA:29,0,6NDKI/5QrUiRwLCCT864gg
DA:30,0,k4WvMHSSm7F+lKc3tbFD6A
DA:31,0,4xS8eQMACqcx0LTryt4wrg
DA:32,0,CTt/mZXP4JL90urUAHlF2g
DA:33,0,yZccGZW5Q/T8VjHJxmQw9Q
DA:34,0,eUL/N23Ci1+EKRtoHoeeoQ
DA:37,0,cMfazegD3qARpOqLaLyLmg
DA:43,0,YJCNTDVmJiqx5VUE98a65Q
DA:44,0,bBoCXmtJMvovpLGjCG21bg
DA:46,0,kf8xsfs4WqsxHl33QD2+Eg
DA:47,0,uHeYnXZWHl6KLRm6oQXCfA
DA:48,0,TxVcb1zg1qdObhh+wNlv/A
DA:50,0,ie8miK8n+XO6Tm1NBdjcmA
DA:51,0,fgfw5Y7OdEcT6ib86KlTTg
LF:19
LH:0
end_of_record
TN:
SF:cvx/finance/util.py
DA:14,1,KEzWbRMV9pRcZUhlA9U7Sg
DA:17,1,171z/rVjAbHBxlkT5Ir6xQ
DA:21,1,NTAciKlBDgqm3A3BJeGwxw
DA:22,1,7xvDeSIimMC8kaOSUvh7kQ
DA:25,1,PeRU3YkiG/Lv/Rn1majY7A
DA:26,1,nPdn188JEuhesz6gT//4fQ
DA:18,0,9S9H+F81SEaa/jms/eh97Q
LF:7
LH:6
end_of_record
