{"meta": {"format": 2, "version": "7.5.3", "timestamp": "2024-06-24T11:01:55.617756", "branch_coverage": false, "show_contexts": false}, "files": {"cvx/finance/Finance.py": {"executed_lines": [14, 15, 18, 19, 20, 23, 24, 27, 35, 37, 39, 40, 41, 42, 45, 54, 55, 58, 59, 60, 63, 71, 72, 73, 74, 75, 78, 87, 88, 95, 96, 97, 100, 108, 109, 110, 111, 112], "summary": {"covered_lines": 38, "num_statements": 38, "percent_covered": 100.0, "percent_covered_display": "100", "missing_lines": 0, "excluded_lines": 0}, "missing_lines": [], "excluded_lines": []}, "cvx/finance/__init__.py": {"executed_lines": [0], "summary": {"covered_lines": 0, "num_statements": 0, "percent_covered": 100.0, "percent_covered_display": "100", "missing_lines": 0, "excluded_lines": 0}, "missing_lines": [], "excluded_lines": []}, "cvx/finance/cvxRegression.py": {"executed_lines": [], "summary": {"covered_lines": 0, "num_statements": 19, "percent_covered": 0.0, "percent_covered_display": "0", "missing_lines": 19, "excluded_lines": 0}, "missing_lines": [14, 16, 17, 18, 21, 29, 30, 31, 32, 33, 34, 37, 43, 44, 46, 47, 48, 50, 51], "excluded_lines": []}, "cvx/finance/util.py": {"executed_lines": [14, 17, 21, 22, 25, 26], "summary": {"covered_lines": 6, "num_statements": 7, "percent_covered": 85.71428571428571, "percent_covered_display": "86", "missing_lines": 1, "excluded_lines": 0}, "missing_lines": [18], "excluded_lines": []}}, "totals": {"covered_lines": 44, "num_statements": 64, "percent_covered": 68.75, "percent_covered_display": "69", "missing_lines": 20, "excluded_lines": 0}}