SF:cvx/finance/Finance.py
DA:14,1
DA:16,1
DA:19,1
DA:20,1
DA:21,1
DA:24,1
DA:25,1
DA:28,1
DA:36,1
DA:38,1
DA:40,1
DA:41,1
DA:42,1
DA:43,1
DA:46,1
DA:55,1
DA:56,1
DA:57,1
DA:58,1
DA:59,1
DA:62,1
DA:70,1
DA:71,1
DA:72,1
DA:73,1
DA:74,1
DA:77,1
DA:86,1
DA:87,1
DA:94,1
DA:95,1
DA:96,1
DA:99,1
DA:107,1
DA:108,1
DA:109,1
DA:110,1
DA:111,1
LF:38
LH:38
FN:19,21,__weight
FNDA:1,__weight
FN:24,25,__constraint
FNDA:1,__constraint
FN:28,43,solveLP
FNDA:1,solveLP
FN:46,59,solveQPcon
FNDA:1,solveQPcon
FN:62,74,solveQPobj
FNDA:1,solveQPobj
FN:77,96,solveMarkowitzConstraint
FNDA:1,solveMarkowitzConstraint
FN:99,111,solveMarkowitzObjective
FNDA:1,solveMarkowitzObjective
FNF:7
FNH:7
end_of_record
SF:cvx/finance/__init__.py
DA:14,1
DA:15,1
LF:2
LH:2
end_of_record
SF:cvx/finance/cvxRegression.py
DA:14,0
DA:15,0
DA:16,0
DA:18,0
DA:21,0
DA:29,0
DA:30,0
DA:31,0
DA:32,0
DA:33,0
DA:34,0
DA:37,0
DA:43,0
DA:44,0
DA:46,0
DA:47,0
DA:48,0
DA:50,0
DA:51,0
LF:19
LH:0
FN:21,34,solveLASSO
FNDA:0,solveLASSO
FN:37,51,solvePenalizedLSQ
FNDA:0,solvePenalizedLSQ
FNF:2
FNH:0
end_of_record
SF:cvx/finance/util.py
DA:14,1
DA:17,1
DA:18,0
DA:21,1
DA:22,1
DA:25,1
DA:26,1
LF:7
LH:6
FN:17,18,minimize
FNDA:0,minimize
FN:21,22,maximize
FNDA:1,maximize
FN:25,26,installed_solvers
FNDA:1,installed_solvers
FNF:3
FNH:2
end_of_record
