{"meta": {"version": "7.3.1", "timestamp": "2023-09-17T03:44:30.716958", "branch_coverage": false, "show_contexts": false}, "files": {"cvx/finance/Finance.py": {"executed_lines": [14, 15, 18, 19, 20, 23, 24, 27, 35, 37, 39, 40, 41, 44, 47, 56, 57, 60, 61, 62, 65, 73, 74, 75, 76, 77, 80, 89, 90, 97, 98, 99, 102, 110, 111, 112, 113, 114], "summary": {"covered_lines": 38, "num_statements": 38, "percent_covered": 100.0, "percent_covered_display": "100", "missing_lines": 0, "excluded_lines": 0}, "missing_lines": [], "excluded_lines": []}, "cvx/finance/__init__.py": {"executed_lines": [1], "summary": {"covered_lines": 0, "num_statements": 0, "percent_covered": 100.0, "percent_covered_display": "100", "missing_lines": 0, "excluded_lines": 0}, "missing_lines": [], "excluded_lines": []}, "cvx/finance/cvxRegression.py": {"executed_lines": [], "summary": {"covered_lines": 0, "num_statements": 19, "percent_covered": 0.0, "percent_covered_display": "0", "missing_lines": 19, "excluded_lines": 0}, "missing_lines": [14, 16, 17, 18, 21, 29, 30, 31, 32, 33, 34, 37, 43, 44, 46, 47, 48, 50, 51], "excluded_lines": []}, "cvx/finance/util.py": {"executed_lines": [14, 17, 23, 24, 29, 30], "summary": {"covered_lines": 6, "num_statements": 7, "percent_covered": 85.71428571428571, "percent_covered_display": "86", "missing_lines": 1, "excluded_lines": 0}, "missing_lines": [18], "excluded_lines": []}}, "totals": {"covered_lines": 44, "num_statements": 64, "percent_covered": 68.75, "percent_covered_display": "69", "missing_lines": 20, "excluded_lines": 0}}